2025-02-16 15:42:03 [32minfo[39m: No hay nuevos turnos
2025-02-16 15:43:02 [32minfo[39m: No hay nuevos turnos
2025-02-16 15:44:01 [32minfo[39m: No hay nuevos turnos
16-02-25 15:45:02 [32minfo[39m: No hay nuevos turnos
16-02-25 15:46 [32minfo[39m: No hay nuevos turnos
16-02-25 15:47 [32minfo[39m: No hay nuevos turnos
16-02-25 15:48 [32minfo[39m: No hay nuevos turnos
16-02-25 15:49 [32minfo[39m: No hay nuevos turnos
16-02-25 15:50 [32minfo[39m: No hay nuevos turnos
16-02-25 15:51 [32minfo[39m: No hay nuevos turnos
16-02-25 16:17 [32minfo[39m: Fecha obtenida: Thu Jan 30 2025 09:00:00 GMT-0300 (hora estándar de Argentina)
16-02-25 16:17 [32minfo[39m: No hay nuevos turnos.
16-02-25 16:18 [32minfo[39m: No hay nuevos turnos.
16-02-25 16:19 [32minfo[39m: No hay nuevos turnos.
16-02-25 16:20 [32minfo[39m: No hay nuevos turnos.
16-02-25 16:21 [32minfo[39m: No hay nuevos turnos.
16-02-25 16:22 [32minfo[39m: No hay nuevos turnos.
16-02-25 16:23 [32minfo[39m: No hay nuevos turnos.
16-02-25 16:24 [32minfo[39m: No hay nuevos turnos.
16-02-25 16:25 [32minfo[39m: No hay nuevos turnos.
16-02-25 16:26 [32minfo[39m: No hay nuevos turnos.
16-02-25 16:27 [32minfo[39m: No hay nuevos turnos.
16-02-25 16:28 [32minfo[39m: No hay nuevos turnos.
16-02-25 16:29 [32minfo[39m: No hay nuevos turnos.
16-02-25 16:30 [32minfo[39m: No hay nuevos turnos.
16-02-25 16:31 [32minfo[39m: No hay nuevos turnos.
16-02-25 16:32 [32minfo[39m: No hay nuevos turnos.
16-02-25 16:33 [32minfo[39m: No hay nuevos turnos.
16-02-25 16:34 [32minfo[39m: No hay nuevos turnos.
16-02-25 18:45 [32minfo[39m: No hay nuevos turnos.
16-02-25 18:46 [32minfo[39m: No hay nuevos turnos.
16-02-25 18:47 [32minfo[39m: No hay nuevos turnos.
16-02-25 18:48 [32minfo[39m: No hay nuevos turnos.
16-02-25 18:49 [32minfo[39m: No hay nuevos turnos.
16-02-25 18:50 [32minfo[39m: No hay nuevos turnos.
16-02-25 18:51 [32minfo[39m: No hay nuevos turnos.
16-02-25 18:52 [32minfo[39m: No hay nuevos turnos.
16-02-25 18:53 [32minfo[39m: No hay nuevos turnos.
16-02-25 18:54 [32minfo[39m: No hay nuevos turnos.
16-02-25 18:55 [32minfo[39m: No hay nuevos turnos.
16-02-25 18:56 [32minfo[39m: No hay nuevos turnos.
16-02-25 19:08 [32minfo[39m: No hay nuevos turnos.
16-02-25 19:09 [32minfo[39m: No hay nuevos turnos.
16-02-25 19:10 [32minfo[39m: No hay nuevos turnos.
16-02-25 19:11 [32minfo[39m: No hay nuevos turnos.
16-02-25 19:12 [32minfo[39m: No hay nuevos turnos.
16-02-25 19:13 [32minfo[39m: No hay nuevos turnos.
16-02-25 19:14 [32minfo[39m: No hay nuevos turnos.
16-02-25 19:15 [32minfo[39m: No hay nuevos turnos.
16-02-25 19:16 [32minfo[39m: No hay nuevos turnos.
16-02-25 19:17 [32minfo[39m: No hay nuevos turnos.
16-02-25 19:18 [32minfo[39m: No hay nuevos turnos.
17-02-25 00:48 [32minfo[39m: No hay nuevos turnos.
17-02-25 00:49 [32minfo[39m: No hay nuevos turnos.
17-02-25 00:50 [32minfo[39m: No hay nuevos turnos.
17-02-25 00:54 [32minfo[39m: No hay nuevos turnos.
17-02-25 00:55 [32minfo[39m: No hay nuevos turnos.
17-02-25 00:56 [32minfo[39m: No hay nuevos turnos.
17-02-25 00:57 [32minfo[39m: No hay nuevos turnos.
17-02-25 00:58 [32minfo[39m: No hay nuevos turnos.
17-02-25 00:59 [32minfo[39m: No hay nuevos turnos.
17-02-25 01:00 [32minfo[39m: No hay nuevos turnos.
17-02-25 01:03 [32minfo[39m: No hay nuevos turnos.
17-02-25 01:04 [32minfo[39m: No hay nuevos turnos.
17-02-25 01:05 [32minfo[39m: No hay nuevos turnos.
17-02-25 01:06 [32minfo[39m: No hay nuevos turnos.
17-02-25 01:07 [32minfo[39m: No hay nuevos turnos.
17-02-25 01:08 [32minfo[39m: No hay nuevos turnos.
17-02-25 01:09 [32minfo[39m: No hay nuevos turnos.
17-02-25 01:10 [32minfo[39m: No hay nuevos turnos.
17-02-25 01:11 [32minfo[39m: No hay nuevos turnos.
17-02-25 01:12 [32minfo[39m: No hay nuevos turnos.
17-02-25 01:13 [32minfo[39m: No hay nuevos turnos.
17-02-25 01:14 [32minfo[39m: No hay nuevos turnos.
17-02-25 01:15 [32minfo[39m: No hay nuevos turnos.
17-02-25 01:16 [32minfo[39m: No hay nuevos turnos.
17-02-25 01:19 [32minfo[39m: No hay nuevos turnos.
27-02-25 00:38 [31merror[39m: Error en la ejecución del bot: Date (fecha por confirmar undefined) does not match format (DD/MM/YYYY hh:mm)
27-02-25 00:39 [31merror[39m: Error en la ejecución del bot: Date (fecha por confirmar undefined) does not match format (DD/MM/YYYY hh:mm)
27-02-25 00:41 [31merror[39m: Error en la ejecución del bot: Date (fecha por confirmar undefined) does not match format (DD/MM/YYYY hh:mm)
27-02-25 00:42 [31merror[39m: Error en la ejecución del bot: Date (fecha por confirmar undefined) does not match format (DD/MM/YYYY hh:mm)
27-02-25 00:43 [31merror[39m: Error en la ejecución del bot: Date (fecha por confirmar undefined) does not match format (DD/MM/YYYY hh:mm)
27-02-25 00:45 [31merror[39m: Error en la ejecución del bot: Date (fecha por confirmar undefined) does not match format (DD/MM/YYYY hh:mm)
27-02-25 00:47 [31merror[39m: Error en la ejecución del bot: Date (fecha por confirmar undefined) does not match format (DD/MM/YYYY hh:mm)
27-02-25 00:48 [31merror[39m: Error en la ejecución del bot: Date (fecha por confirmar undefined) does not match format (DD/MM/YYYY hh:mm)
27-02-25 00:50 [31merror[39m: Error en la ejecución del bot: Date (fecha por confirmar undefined) does not match format (DD/MM/YYYY hh:mm)
27-02-25 00:51 [31merror[39m: Error en la ejecución del bot: Date (fecha por confirmar undefined) does not match format (DD/MM/YYYY hh:mm)
27-02-25 00:52 [31merror[39m: Error en la ejecución del bot: Date (fecha por confirmar undefined) does not match format (DD/MM/YYYY hh:mm)
27-02-25 00:52 [31merror[39m: Error en la ejecución del bot: Date (fecha por confirmar undefined) does not match format (DD/MM/YYYY hh:mm)
27-02-25 00:54 [31merror[39m: Error en la ejecución del bot: Date (fecha por confirmar undefined) does not match format (DD/MM/YYYY hh:mm)
27-02-25 00:55 [31merror[39m: Error en la ejecución del bot: Date (fecha por confirmar undefined) does not match format (DD/MM/YYYY hh:mm)
27-02-25 00:56 [31merror[39m: Error en la ejecución del bot: Date (fecha por confirmar undefined) does not match format (DD/MM/YYYY hh:mm)
27-02-25 00:57 [31merror[39m: Error en la ejecución del bot: Date (fecha por confirmar undefined) does not match format (DD/MM/YYYY hh:mm)
27-02-25 00:59 [31merror[39m: Error en la ejecución del bot: Date (30/01/2025 undefined) does not match format (DD/MM/YYYY hh:mm)
27-02-25 01:00 [31merror[39m: Error en la ejecución del bot: Date (30/01/2025 undefined) does not match format (DD/MM/YYYY hh:mm)
27-02-25 01:01 [32minfo[39m: No hay nuevos turnos.
27-02-25 01:03 [32minfo[39m: No hay nuevos turnos.
27-02-25 01:04 [32minfo[39m: No hay nuevos turnos.
27-02-25 01:05 [32minfo[39m: No hay nuevos turnos.
27-02-25 01:06 [32minfo[39m: No hay nuevos turnos.
27-02-25 01:07 [32minfo[39m: No hay nuevos turnos.
27-02-25 01:08 [32minfo[39m: No hay nuevos turnos.
27-02-25 01:09 [32minfo[39m: No hay nuevos turnos.
27-02-25 01:10 [32minfo[39m: No hay nuevos turnos.
27-02-25 01:12 [32minfo[39m: No hay nuevos turnos.
27-02-25 01:14 [32minfo[39m: No hay nuevos turnos.
27-02-25 01:15 [32minfo[39m: No hay nuevos turnos.
27-02-25 01:16 [32minfo[39m: No hay nuevos turnos.
27-02-25 01:18 [32minfo[39m: La ultima fecha abierta fue el Jueves, 30 de Jan del 2025
27-02-25 01:18 [32minfo[39m: No hay nuevos turnos.
27-02-25 01:19 [32minfo[39m: La ultima fecha abierta fue el Jueves, 30 de Enero del 2025
27-02-25 01:19 [32minfo[39m: No hay nuevos turnos.
27-02-25 01:21 [32minfo[39m: La ultima fecha abierta fue el Jueves, 30 de Enero del 2025
27-02-25 01:21 [32minfo[39m: No hay nuevos turnos.
27-02-25 01:22 [32minfo[39m: La ultima fecha abierta fue el Jueves, 30 de Enero del 2025
27-02-25 01:22 [32minfo[39m: No hay nuevos turnos.
27-02-25 01:23 [32minfo[39m: La ultima fecha abierta fue el Jueves, 30 de Enero del 2025
27-02-25 01:23 [32minfo[39m: No hay nuevos turnos.
27-02-25 01:24 [32minfo[39m: La ultima fecha abierta fue el Jueves, 30 de Enero del 2025
27-02-25 01:24 [32minfo[39m: No hay nuevos turnos.
27-02-25 01:25 [32minfo[39m: La ultima fecha abierta fue el Jueves, 30 de Enero del 2025
27-02-25 01:25 [32minfo[39m: No hay nuevos turnos.
27-02-25 01:26 [32minfo[39m: La ultima fecha abierta fue el Jueves, 30 de Enero del 2025
27-02-25 01:26 [32minfo[39m: No hay nuevos turnos.
27-02-25 01:27 [32minfo[39m: La ultima fecha abierta fue el Jueves, 30 de Enero del 2025
27-02-25 01:27 [32minfo[39m: No hay nuevos turnos.
27-02-25 01:28 [32minfo[39m: La ultima fecha abierta fue el Jueves, 30 de Enero del 2025
27-02-25 01:28 [32minfo[39m: No hay nuevos turnos.
27-02-25 01:29 [32minfo[39m: La ultima fecha abierta fue el Jueves, 30 de Enero del 2025
27-02-25 01:29 [32minfo[39m: No hay nuevos turnos.
27-02-25 01:30 [32minfo[39m: La ultima fecha abierta fue el Jueves, 30 de Enero del 2025
27-02-25 01:30 [32minfo[39m: No hay nuevos turnos.
27-02-25 01:31 [32minfo[39m: La ultima fecha abierta fue el Jueves, 30 de Enero del 2025
27-02-25 01:31 [32minfo[39m: Enviando mensaje de Telegram...
27-02-25 01:31 [32minfo[39m: Mensaje de Telegram enviado.
27-02-25 01:32 [32minfo[39m: La ultima fecha abierta fue el Jueves, 30 de Enero del 2025
27-02-25 01:32 [32minfo[39m: Enviando mensaje de Telegram...
27-02-25 01:32 [32minfo[39m: Mensaje de Telegram enviado.
27-02-25 01:34 [32minfo[39m: La ultima fecha abierta fue el Jueves, 30 de Enero del 2025
27-02-25 01:34 [32minfo[39m: Enviando mensaje de Telegram...
27-02-25 01:34 [32minfo[39m: Mensaje de Telegram enviado.
27-02-25 01:36 [32minfo[39m: La ultima fecha abierta fue el Jueves, 30 de Enero del 2025
27-02-25 01:36 [32minfo[39m: Enviando mensaje de Telegram...
27-02-25 01:36 [32minfo[39m: Mensaje de Telegram enviado.
27-02-25 01:37 [32minfo[39m: La ultima fecha abierta fue el Jueves, 30 de Enero del 2025
27-02-25 01:37 [32minfo[39m: Enviando mensaje de Telegram...
27-02-25 01:37 [32minfo[39m: Mensaje de Telegram enviado.
27-02-25 01:38 [32minfo[39m: La ultima fecha abierta fue el Jueves, 30 de Enero del 2025
27-02-25 01:38 [32minfo[39m: No hay nuevos turnos.
27-02-25 01:39 [32minfo[39m: La ultima fecha abierta fue el Jueves, 30 de Enero del 2025
27-02-25 01:39 [32minfo[39m: No hay nuevos turnos.
27-02-25 01:40 [32minfo[39m: La ultima fecha abierta fue el Jueves, 30 de Enero del 2025
27-02-25 01:40 [32minfo[39m: No hay nuevos turnos.
27-02-25 02:22 [31merror[39m: Error en la ejecución del bot: locator.innerText: Error: strict mode violation: locator('strong.ms-rteForeColor-8') resolved to 3 elements:
    1) <strong class="ms-rteForeColor-8">​Al día de la fecha, se han habilitado los IDUs r…</strong> aka getByText('Al día de la fecha, se han')
    2) <strong class="ms-rteForeColor-8">…</strong> aka locator('div:nth-child(16) > .ms-rteForeColor-8')
    3) <strong class="ms-rteForeColor-8">…</strong> aka locator('div:nth-child(17) > .ms-rteForeColor-8')

Call log:
[2m  - waiting for locator('strong.ms-rteForeColor-8')[22m

27-02-25 02:28 [32minfo[39m: Texto encontrado: ​Al día de la fecha, se han habilitado los IDUs registrados al 01​/12/2023 inclusive (IDUS que no disponían de cita con identificador hasta el NW-2023-238450​​​​​​​​​​​​​).​
27-02-25 02:29 [32minfo[39m: Texto encontrado: ​Al día de la fecha, se han habilitado los IDUs registrados al 01​/12/2023 inclusive (IDUS que no disponían de cita con identificador hasta el NW-2023-238450​​​​​​​​​​​​​).​
27-02-25 02:30 [32minfo[39m: Texto encontrado: ​Al día de la fecha, se han habilitado los IDUs registrados al 01​/12/2023 inclusive (IDUS que no disponían de cita con identificador hasta el NW-2023-238450​​​​​​​​​​​​​).​
27-02-25 02:31 [32minfo[39m: Texto encontrado: ​Al día de la fecha, se han habilitado los IDUs registrados al 01​/12/2023 inclusive (IDUS que no disponían de cita con identificador hasta el NW-2023-238450​​​​​​​​​​​​​).​
27-02-25 02:32 [32minfo[39m: Texto encontrado: ​Al día de la fecha, se han habilitado los IDUs registrados al 01​/12/2023 inclusive (IDUS que no disponían de cita con identificador hasta el NW-2023-238450​​​​​​​​​​​​​).​
27-02-25 02:33 [32minfo[39m: Texto encontrado: ​Al día de la fecha, se han habilitado los IDUs registrados al 01​/12/2023 inclusive (IDUS que no disponían de cita con identificador hasta el NW-2023-238450​​​​​​​​​​​​​).​
27-02-25 02:34 [32minfo[39m: Texto encontrado: ​Al día de la fecha, se han habilitado los IDUs registrados al 01​/12/2023 inclusive (IDUS que no disponían de cita con identificador hasta el NW-2023-238450​​​​​​​​​​​​​).​
27-02-25 02:35 [32minfo[39m: Texto encontrado: ​Al día de la fecha, se han habilitado los IDUs registrados al 01​/12/2023 inclusive (IDUS que no disponían de cita con identificador hasta el NW-2023-238450​​​​​​​​​​​​​).​
27-02-25 02:36 [32minfo[39m: Texto encontrado: ​Al día de la fecha, se han habilitado los IDUs registrados al 01​/12/2023 inclusive (IDUS que no disponían de cita con identificador hasta el NW-2023-238450​​​​​​​​​​​​​).​
27-02-25 02:37 [32minfo[39m: Texto encontrado: ​Al día de la fecha, se han habilitado los IDUs registrados al 01​/12/2023 inclusive (IDUS que no disponían de cita con identificador hasta el NW-2023-238450​​​​​​​​​​​​​).​
27-02-25 02:38 [32minfo[39m: Texto encontrado: NW-2023-238450
27-02-25 02:39 [32minfo[39m: Texto encontrado: NW-2023-238450
27-02-25 02:40 [32minfo[39m: Idus habilitados hasta: NW-2023-238450
27-02-25 02:41 [32minfo[39m: Idus habilitados hasta: NW-2023-238450
27-02-25 02:42 [32minfo[39m: Idus habilitados hasta: NW-2023-238450
27-02-25 02:43 [32minfo[39m: Idus habilitados hasta: NW-2023-238450
27-02-25 02:44 [32minfo[39m: Idus habilitados hasta: NW-2023-238450
27-02-25 02:45 [32minfo[39m: Idus habilitados hasta: NW-2023-238450
27-02-25 02:46 [32minfo[39m: Idus habilitados hasta: NW-2023-238450
27-02-25 02:47 [32minfo[39m: No se pudo scrappear el texto de la web. 
27-02-25 02:49 [32minfo[39m: No hubo cambios de IDU's habilitados
27-02-25 02:50 [32minfo[39m: No hubo cambios de IDU's habilitados
27-02-25 02:51 [32minfo[39m: No hubo cambios de IDU's habilitados
27-02-25 02:52 [32minfo[39m: No hubo cambios de IDU's habilitados
27-02-25 02:53 [32minfo[39m: Nuevos IDU's habilitados, hasta el IDU: NW-2023-238450
27-02-25 02:53 [32minfo[39m: Enviando mensaje de Telegram...
27-02-25 02:53 [32minfo[39m: Mensaje de Telegram enviado.
27-02-25 02:54 [32minfo[39m: Nuevos IDU's habilitados, hasta el IDU: NW-2023-238450
27-02-25 02:54 [32minfo[39m: Enviando mensaje de Telegram...
27-02-25 02:54 [32minfo[39m: Mensaje de Telegram enviado.
27-02-25 02:57 [32minfo[39m: Nuevos IDU's habilitados, hasta el IDU: NW-2023-238450
27-02-25 02:57 [32minfo[39m: Enviando mensaje de Telegram...
27-02-25 02:57 [32minfo[39m: Mensaje de Telegram enviado.
27-02-25 02:59 [32minfo[39m: Nuevos IDU's habilitados, hasta el IDU: NW-2023-238450
27-02-25 02:59 [32minfo[39m: Enviando mensaje de Telegram...
27-02-25 02:59 [32minfo[39m: Mensaje de Telegram enviado.
27-02-25 02:59 [32minfo[39m: CAMBIAR IDUHARDCODEADO
27-02-25 03:01 [32minfo[39m: La ultima fecha abierta fue el Jueves, 30 de Enero del 2025
27-02-25 03:01 [32minfo[39m: No hay nuevos turnos.
27-02-25 03:01 [32minfo[39m: No hubo cambios de IDU's habilitados
27-02-25 03:02 [32minfo[39m: La ultima fecha abierta fue el Jueves, 30 de Enero del 2025
27-02-25 03:02 [32minfo[39m: No hay nuevos turnos para pasaporte habilitados en la web.
27-02-25 03:03 [32minfo[39m: La ultima fecha abierta fue el Jueves, 30 de Enero del 2025
27-02-25 03:03 [32minfo[39m: No hay nuevos turnos para pasaporte habilitados en la web.
27-02-25 03:03 [32minfo[39m: No hubo cambios de IDU's habilitados
27-02-25 03:04 [32minfo[39m: La ultima fecha abierta para Pasaportes fue el Jueves, 30 de Enero del 2025
27-02-25 03:04 [32minfo[39m: No hay nuevos turnos para pasaporte habilitados en la web.
27-02-25 03:04 [32minfo[39m: No hubo cambios de IDU's habilitados
27-02-25 03:05 [32minfo[39m: La ultima fecha abierta para Pasaportes fue el Jueves, 30 de Enero del 2025.
27-02-25 03:05 [32minfo[39m: No hay nuevos turnos para pasaporte habilitados en la web.
27-02-25 03:05 [32minfo[39m: No hubo cambios de IDU's habilitados en la web.
27-02-25 03:06 [32minfo[39m: La ultima fecha abierta para Pasaportes fue el Jueves, 30 de Enero del 2025.
27-02-25 03:06 [32minfo[39m: No hay nuevos turnos para pasaporte habilitados en la web.
27-02-25 03:06 [32minfo[39m: No hay cambios de IDU's habilitados en la web.
27-02-25 03:07 [32minfo[39m: La ultima fecha abierta para Pasaportes fue el Jueves, 30 de Enero del 2025.
27-02-25 03:07 [32minfo[39m: No hay nuevos turnos para pasaporte habilitados en la web.
27-02-25 03:07 [32minfo[39m: No hay cambios de IDU's habilitados en la web.
27-02-25 03:08 [32minfo[39m: La ultima fecha abierta para Pasaportes fue el Jueves, 30 de Enero del 2025.
27-02-25 03:08 [32minfo[39m: No hay nuevos turnos para pasaporte habilitados en la web.
27-02-25 03:08 [32minfo[39m: No hay cambios de IDU's habilitados en la web.
